Build started 04.03.2016 9:26:02.
     1>Project "C:\tmp\d-heap\Dheap\Dheap\test\test.vcxproj" on node 2 (build target(s)).
     1>InitializeBuildStatus:
         Touching "Debug\test.unsuccessfulbuild".
       ClCompile:
         All outputs are up-to-date.
         All outputs are up-to-date.
       ManifestResourceCompile:
         All outputs are up-to-date.
       Link:
         c:\Program Files (x86)\Microsoft Visual Studio 10.0\VC\bin\link.exe /ERRORREPORT:PROMPT /OUT:"C:\tmp\d-heap\Dheap\Dheap\Debug\test.exe" /INCREMENTAL /NOLOGO /LIBPATH:"C:\tmp\d-heap\Dheap\Dheap\test\Debug" gtest.lib Dheap.lib kernel32.lib user32.lib gdi32.lib winspool.lib comdlg32.lib advapi32.lib shell32.lib ole32.lib oleaut32.lib uuid.lib odbc32.lib odbccp32.lib /MANIFEST /ManifestFile:"Debug\test.exe.intermediate.manifest" /MANIFESTUAC:"level='asInvoker' uiAccess='false'" /DEBUG /PDB:"C:\tmp\d-heap\Dheap\Dheap\Debug\test.pdb" /SUBSYSTEM:CONSOLE /TLBID:1 /DYNAMICBASE /NXCOMPAT /IMPLIB:"C:\tmp\d-heap\Dheap\Dheap\Debug\test.lib" /MACHINE:X86 Debug\test.exe.embed.manifest.res
         Debug\test_Dheap.obj
         Debug\test_main.obj
     1>LINK : fatal error LNK1104: cannot open file 'gtest.lib'
     1>Done Building Project "C:\tmp\d-heap\Dheap\Dheap\test\test.vcxproj" (build target(s)) -- FAILED.

Build FAILED.

Time Elapsed 00:00:00.23
